1616529634.912206 client started (28556): version 3.1b, socket /private/tmp/tmux-501/default, protocol 8
1616529634.912279 on Darwin 19.6.0 Darwin Kernel Version 19.6.0: Thu Oct 29 22:56:45 PDT 2020; root:xnu-6153.141.2.2~1/RELEASE_X86_64; libevent 2.1.12-stable (select)
1616529634.912329 socket is /private/tmp/tmux-501/default
1616529634.912352 trying connect
1616529634.912444 add peer 0x7fa8d1531000: 8 (0x0)
1616529634.914304 sending message 100 to peer 0x7fa8d1531000 (4 bytes)
1616529634.914342 sending message 101 to peer 0x7fa8d1531000 (15 bytes)
1616529634.914352 sending message 102 to peer 0x7fa8d1531000 (13 bytes)
1616529634.914360 sending message 108 to peer 0x7fa8d1531000 (43 bytes)
1616529634.914382 sending message 104 to peer 0x7fa8d1531000 (0 bytes)
1616529634.914390 sending message 107 to peer 0x7fa8d1531000 (4 bytes)
1616529634.914398 sending message 105 to peer 0x7fa8d1531000 (83 bytes)
1616529634.914405 sending message 105 to peer 0x7fa8d1531000 (20 bytes)
1616529634.914413 sending message 105 to peer 0x7fa8d1531000 (26 bytes)
1616529634.914420 sending message 105 to peer 0x7fa8d1531000 (15 bytes)
1616529634.914428 sending message 105 to peer 0x7fa8d1531000 (22 bytes)
1616529634.914435 sending message 105 to peer 0x7fa8d1531000 (50 bytes)
1616529634.914443 sending message 105 to peer 0x7fa8d1531000 (704 bytes)
1616529634.914451 sending message 105 to peer 0x7fa8d1531000 (47 bytes)
1616529634.914458 sending message 105 to peer 0x7fa8d1531000 (15 bytes)
1616529634.914466 sending message 105 to peer 0x7fa8d1531000 (8 bytes)
1616529634.914473 sending message 105 to peer 0x7fa8d1531000 (66 bytes)
1616529634.914481 sending message 105 to peer 0x7fa8d1531000 (20 bytes)
1616529634.914488 sending message 105 to peer 0x7fa8d1531000 (57 bytes)
1616529634.914496 sending message 105 to peer 0x7fa8d1531000 (43 bytes)
1616529634.914503 sending message 105 to peer 0x7fa8d1531000 (14 bytes)
1616529634.914511 sending message 105 to peer 0x7fa8d1531000 (19 bytes)
1616529634.914518 sending message 105 to peer 0x7fa8d1531000 (14 bytes)
1616529634.914526 sending message 105 to peer 0x7fa8d1531000 (19 bytes)
1616529634.914533 sending message 105 to peer 0x7fa8d1531000 (38 bytes)
1616529634.914543 sending message 105 to peer 0x7fa8d1531000 (17 bytes)
1616529634.914551 sending message 105 to peer 0x7fa8d1531000 (36 bytes)
1616529634.914558 sending message 105 to peer 0x7fa8d1531000 (40 bytes)
1616529634.914566 sending message 105 to peer 0x7fa8d1531000 (54 bytes)
1616529634.914573 sending message 105 to peer 0x7fa8d1531000 (67 bytes)
1616529634.914581 sending message 105 to peer 0x7fa8d1531000 (11 bytes)
1616529634.914588 sending message 105 to peer 0x7fa8d1531000 (8 bytes)
1616529634.914596 sending message 105 to peer 0x7fa8d1531000 (32 bytes)
1616529634.914603 sending message 105 to peer 0x7fa8d1531000 (34 bytes)
1616529634.914611 sending message 105 to peer 0x7fa8d1531000 (16 bytes)
1616529634.914618 sending message 105 to peer 0x7fa8d1531000 (61 bytes)
1616529634.914626 sending message 105 to peer 0x7fa8d1531000 (70 bytes)
1616529634.914633 sending message 105 to peer 0x7fa8d1531000 (40 bytes)
1616529634.914641 sending message 105 to peer 0x7fa8d1531000 (55 bytes)
1616529634.914648 sending message 105 to peer 0x7fa8d1531000 (16 bytes)
1616529634.914655 sending message 105 to peer 0x7fa8d1531000 (24 bytes)
1616529634.914663 sending message 105 to peer 0x7fa8d1531000 (52 bytes)
1616529634.914670 sending message 105 to peer 0x7fa8d1531000 (17 bytes)
1616529634.914678 sending message 105 to peer 0x7fa8d1531000 (19 bytes)
1616529634.914685 sending message 105 to peer 0x7fa8d1531000 (30 bytes)
1616529634.914693 sending message 105 to peer 0x7fa8d1531000 (38 bytes)
1616529634.914700 sending message 105 to peer 0x7fa8d1531000 (25 bytes)
1616529634.914707 sending message 105 to peer 0x7fa8d1531000 (36 bytes)
1616529634.914715 sending message 105 to peer 0x7fa8d1531000 (40 bytes)
1616529634.914722 sending message 105 to peer 0x7fa8d1531000 (47 bytes)
1616529634.914730 sending message 105 to peer 0x7fa8d1531000 (29 bytes)
1616529634.914737 sending message 105 to peer 0x7fa8d1531000 (8 bytes)
1616529634.914758 sending message 105 to peer 0x7fa8d1531000 (9 bytes)
1616529634.914764 sending message 105 to peer 0x7fa8d1531000 (12 bytes)
1616529634.914769 sending message 105 to peer 0x7fa8d1531000 (11 bytes)
1616529634.914774 sending message 105 to peer 0x7fa8d1531000 (17 bytes)
1616529634.914779 sending message 105 to peer 0x7fa8d1531000 (22 bytes)
1616529634.914784 sending message 106 to peer 0x7fa8d1531000 (0 bytes)
1616529634.914791 sending message 200 to peer 0x7fa8d1531000 (4 bytes)
1616529634.914796 client loop enter
1616529634.921411 peer 0x7fa8d1531000 message 207
1616529634.921436 sending message 208 to peer 0x7fa8d1531000 (0 bytes)
1616529639.470147 peer 0x7fa8d1531000 message 203
1616529639.470198 sending message 205 to peer 0x7fa8d1531000 (0 bytes)
1616529639.471428 peer 0x7fa8d1531000 message 204
1616529639.471453 client loop exit
